# JRE version: OpenJDK Runtime Environment (17.0.9) (build 17.0.9+0--11185874)
# Java VM: OpenJDK 64-Bit Server VM (17.0.9+0--11185874, mixed mode, tiered, compressed oops, compressed class ptrs, g1 gc, windows-amd64)
GC Precious Log:
 CPUs: 12 total, 12 available
 Memory: 14188M
 Large Page Support: Disabled
 NUMA Support: Disabled
 Compressed Oops: Enabled (32-bit)
 Heap Region Size: 1M
 Heap Min Capacity: 8M
 Heap Initial Capacity: 222M
 Heap Max Capacity: 2G
 Pre-touch: Disabled
 Parallel Workers: 10
 Concurrent Workers: 3
 Concurrent Refinement Workers: 10
 Periodic GC: Disabled
Heap:
 garbage-first heap   total 419840K, used 259981K [0x0000000080000000, 0x0000000100000000)
  region size 1024K, 3 young (3072K), 3 survivors (3072K)
 Metaspace       used 132673K, committed 133632K, reserved 1179648K
  class space    used 18034K, committed 18496K, reserved 1048576K
GC Heap History (20 events):
Event: 17.141 GC heap after
{Heap after GC invocations=47 (full 0):
 garbage-first heap   total 373760K, used 181548K [0x0000000080000000, 0x0000000100000000)
  region size 1024K, 9 young (9216K), 9 survivors (9216K)
 Metaspace       used 112334K, committed 113216K, reserved 1179648K
  class space    used 15111K, committed 15552K, reserved 1048576K
}
Event: 17.824 GC heap before
{Heap before GC invocations=48 (full 0):
 garbage-first heap   total 373760K, used 259072K [0x0000000080000000, 0x0000000100000000)
  region size 1024K, 123 young (125952K), 9 survivors (9216K)
 Metaspace       used 113486K, committed 114432K, reserved 1179648K
  class space    used 15241K, committed 15680K, reserved 1048576K
}
Event: 17.830 GC heap after
{Heap after GC invocations=49 (full 0):
 garbage-first heap   total 373760K, used 145712K [0x0000000080000000, 0x0000000100000000)
  region size 1024K, 11 young (11264K), 11 survivors (11264K)
 Metaspace       used 113486K, committed 114432K, reserved 1179648K
  class space    used 15241K, committed 15680K, reserved 1048576K
}
Event: 17.843 GC heap before
{Heap before GC invocations=49 (full 0):
 garbage-first heap   total 373760K, used 151856K [0x0000000080000000, 0x0000000100000000)
  region size 1024K, 18 young (18432K), 11 survivors (11264K)
 Metaspace       used 113515K, committed 114432K, reserved 1179648K
  class space    used 15245K, committed 15680K, reserved 1048576K
}
Event: 17.849 GC heap after
{Heap after GC invocations=50 (full 0):
 garbage-first heap   total 373760K, used 112459K [0x0000000080000000, 0x0000000100000000)
  region size 1024K, 3 young (3072K), 3 survivors (3072K)
 Metaspace       used 113515K, committed 114432K, reserved 1179648K
  class space    used 15245K, committed 15680K, reserved 1048576K
}
Event: 18.950 GC heap before
{Heap before GC invocations=50 (full 0):
 garbage-first heap   total 373760K, used 287563K [0x0000000080000000, 0x0000000100000000)
  region size 1024K, 175 young (179200K), 3 survivors (3072K)
 Metaspace       used 124038K, committed 124928K, reserved 1179648K
  class space    used 16753K, committed 17216K, reserved 1048576K
}
Event: 18.955 GC heap after
{Heap after GC invocations=51 (full 0):
 garbage-first heap   total 373760K, used 117319K [0x0000000080000000, 0x0000000100000000)
  region size 1024K, 8 young (8192K), 8 survivors (8192K)
 Metaspace       used 124038K, committed 124928K, reserved 1179648K
  class space    used 16753K, committed 17216K, reserved 1048576K
}
Event: 19.771 GC heap before
{Heap before GC invocations=51 (full 0):
 garbage-first heap   total 373760K, used 196167K [0x0000000080000000, 0x0000000100000000)
  region size 1024K, 86 young (88064K), 8 survivors (8192K)
 Metaspace       used 130039K, committed 131008K, reserved 1179648K
  class space    used 17664K, committed 18112K, reserved 1048576K
}
Event: 19.777 GC heap after
{Heap after GC invocations=52 (full 0):
 garbage-first heap   total 373760K, used 121432K [0x0000000080000000, 0x0000000100000000)
  region size 1024K, 12 young (12288K), 12 survivors (12288K)
 Metaspace       used 130039K, committed 131008K, reserved 1179648K
  class space    used 17664K, committed 18112K, reserved 1048576K
}
Event: 19.988 GC heap before
{Heap before GC invocations=53 (full 0):
 garbage-first heap   total 373760K, used 350808K [0x0000000080000000, 0x0000000100000000)
  region size 1024K, 95 young (97280K), 12 survivors (12288K)
 Metaspace       used 130671K, committed 131648K, reserved 1179648K
  class space    used 17766K, committed 18240K, reserved 1048576K
}
Event: 19.996 GC heap after
{Heap after GC invocations=54 (full 0):
 garbage-first heap   total 380928K, used 218891K [0x0000000080000000, 0x0000000100000000)
  region size 1024K, 23 young (23552K), 23 survivors (23552K)
 Metaspace       used 130671K, committed 131648K, reserved 1179648K
  class space    used 17766K, committed 18240K, reserved 1048576K
}
Event: 19.998 GC heap before
{Heap before GC invocations=54 (full 0):
 garbage-first heap   total 380928K, used 218891K [0x0000000080000000, 0x0000000100000000)
  region size 1024K, 24 young (24576K), 23 survivors (23552K)
 Metaspace       used 130675K, committed 131648K, reserved 1179648K
  class space    used 17767K, committed 18240K, reserved 1048576K
}
Event: 20.004 GC heap after
{Heap after GC invocations=55 (full 0):
 garbage-first heap   total 380928K, used 217105K [0x0000000080000000, 0x0000000100000000)
  region size 1024K, 2 young (2048K), 2 survivors (2048K)
 Metaspace       used 130675K, committed 131648K, reserved 1179648K
  class space    used 17767K, committed 18240K, reserved 1048576K
}
Event: 20.116 GC heap before
{Heap before GC invocations=55 (full 0):
 garbage-first heap   total 380928K, used 263185K [0x0000000080000000, 0x0000000100000000)
  region size 1024K, 49 young (50176K), 2 survivors (2048K)
 Metaspace       used 130975K, committed 131904K, reserved 1179648K
  class space    used 17800K, committed 18240K, reserved 1048576K
}
Event: 20.123 GC heap after
{Heap after GC invocations=56 (full 0):
 garbage-first heap   total 380928K, used 228352K [0x0000000080000000, 0x0000000100000000)
  region size 1024K, 12 young (12288K), 12 survivors (12288K)
 Metaspace       used 130975K, committed 131904K, reserved 1179648K
  class space    used 17800K, committed 18240K, reserved 1048576K
}
Event: 20.141 GC heap before
{Heap before GC invocations=56 (full 0):
 garbage-first heap   total 380928K, used 235520K [0x0000000080000000, 0x0000000100000000)
  region size 1024K, 20 young (20480K), 12 survivors (12288K)
 Metaspace       used 131091K, committed 131968K, reserved 1179648K
  class space    used 17814K, committed 18240K, reserved 1048576K
}
Event: 20.147 GC heap after
{Heap after GC invocations=57 (full 0):
 garbage-first heap   total 380928K, used 232495K [0x0000000080000000, 0x0000000100000000)
  region size 1024K, 4 young (4096K), 4 survivors (4096K)
 Metaspace       used 131091K, committed 131968K, reserved 1179648K
  class space    used 17814K, committed 18240K, reserved 1048576K
}
Event: 20.345 GC heap before
{Heap before GC invocations=58 (full 0):
 garbage-first heap   total 419840K, used 300079K [0x0000000080000000, 0x0000000100000000)
  region size 1024K, 66 young (67584K), 4 survivors (4096K)
 Metaspace       used 132669K, committed 133632K, reserved 1179648K
  class space    used 18034K, committed 18496K, reserved 1048576K
}
Event: 20.359 GC heap after
{Heap after GC invocations=59 (full 0):
 garbage-first heap   total 419840K, used 257338K [0x0000000080000000, 0x0000000100000000)
  region size 1024K, 9 young (9216K), 9 survivors (9216K)
 Metaspace       used 132669K, committed 133632K, reserved 1179648K
  class space    used 18034K, committed 18496K, reserved 1048576K
}
Event: 20.390 GC heap before
{Heap before GC invocations=59 (full 0):
 garbage-first heap   total 419840K, used 270650K [0x0000000080000000, 0x0000000100000000)
  region size 1024K, 20 young (20480K), 9 survivors (9216K)
 Metaspace       used 132673K, committed 133632K, reserved 1179648K
  class space    used 18034K, committed 18496K, reserved 1048576K
}

