# JRE version: OpenJDK Runtime Environment (17.0.9) (build 17.0.9+0--11185874)
# Java VM: OpenJDK 64-Bit Server VM (17.0.9+0--11185874, mixed mode, tiered, compressed oops, compressed class ptrs, g1 gc, windows-amd64)
GC Precious Log:
 CPUs: 12 total, 12 available
 Memory: 14188M
 Large Page Support: Disabled
 NUMA Support: Disabled
 Compressed Oops: Enabled (32-bit)
 Heap Region Size: 1M
 Heap Min Capacity: 8M
 Heap Initial Capacity: 222M
 Heap Max Capacity: 2G
 Pre-touch: Disabled
 Parallel Workers: 10
 Concurrent Workers: 3
 Concurrent Refinement Workers: 10
 Periodic GC: Disabled
Heap:
 garbage-first heap   total 227328K, used 101217K [0x0000000080000000, 0x0000000100000000)
  region size 1024K, 6 young (6144K), 6 survivors (6144K)
 Metaspace       used 102073K, committed 102912K, reserved 1179648K
  class space    used 14186K, committed 14592K, reserved 1048576K
GC Heap History (20 events):
Event: 6.283 GC heap after
{Heap after GC invocations=21 (full 0):
 garbage-first heap   total 227328K, used 51582K [0x0000000080000000, 0x0000000100000000)
  region size 1024K, 5 young (5120K), 5 survivors (5120K)
 Metaspace       used 68900K, committed 69440K, reserved 1114112K
  class space    used 9352K, committed 9600K, reserved 1048576K
}
Event: 7.371 GC heap before
{Heap before GC invocations=21 (full 0):
 garbage-first heap   total 227328K, used 191870K [0x0000000080000000, 0x0000000100000000)
  region size 1024K, 131 young (134144K), 5 survivors (5120K)
 Metaspace       used 78032K, committed 78720K, reserved 1179648K
  class space    used 10582K, committed 10880K, reserved 1048576K
}
Event: 7.377 GC heap after
{Heap after GC invocations=22 (full 0):
 garbage-first heap   total 227328K, used 74247K [0x0000000080000000, 0x0000000100000000)
  region size 1024K, 17 young (17408K), 17 survivors (17408K)
 Metaspace       used 78032K, committed 78720K, reserved 1179648K
  class space    used 10582K, committed 10880K, reserved 1048576K
}
Event: 8.079 GC heap before
{Heap before GC invocations=22 (full 0):
 garbage-first heap   total 227328K, used 179719K [0x0000000080000000, 0x0000000100000000)
  region size 1024K, 120 young (122880K), 17 survivors (17408K)
 Metaspace       used 84489K, committed 85120K, reserved 1179648K
  class space    used 11467K, committed 11776K, reserved 1048576K
}
Event: 8.085 GC heap after
{Heap after GC invocations=23 (full 0):
 garbage-first heap   total 227328K, used 73875K [0x0000000080000000, 0x0000000100000000)
  region size 1024K, 8 young (8192K), 8 survivors (8192K)
 Metaspace       used 84489K, committed 85120K, reserved 1179648K
  class space    used 11467K, committed 11776K, reserved 1048576K
}
Event: 8.895 GC heap before
{Heap before GC invocations=23 (full 0):
 garbage-first heap   total 227328K, used 179347K [0x0000000080000000, 0x0000000100000000)
  region size 1024K, 110 young (112640K), 8 survivors (8192K)
 Metaspace       used 92088K, committed 92800K, reserved 1179648K
  class space    used 12719K, committed 13056K, reserved 1048576K
}
Event: 8.899 GC heap after
{Heap after GC invocations=24 (full 0):
 garbage-first heap   total 227328K, used 78843K [0x0000000080000000, 0x0000000100000000)
  region size 1024K, 6 young (6144K), 6 survivors (6144K)
 Metaspace       used 92088K, committed 92800K, reserved 1179648K
  class space    used 12719K, committed 13056K, reserved 1048576K
}
Event: 9.676 GC heap before
{Heap before GC invocations=24 (full 0):
 garbage-first heap   total 227328K, used 175099K [0x0000000080000000, 0x0000000100000000)
  region size 1024K, 101 young (103424K), 6 survivors (6144K)
 Metaspace       used 99689K, committed 100416K, reserved 1179648K
  class space    used 13856K, committed 14208K, reserved 1048576K
}
Event: 9.682 GC heap after
{Heap after GC invocations=25 (full 0):
 garbage-first heap   total 227328K, used 83503K [0x0000000080000000, 0x0000000100000000)
  region size 1024K, 10 young (10240K), 10 survivors (10240K)
 Metaspace       used 99689K, committed 100416K, reserved 1179648K
  class space    used 13856K, committed 14208K, reserved 1048576K
}
Event: 10.216 GC heap before
{Heap before GC invocations=26 (full 0):
 garbage-first heap   total 227328K, used 182831K [0x0000000080000000, 0x0000000100000000)
  region size 1024K, 108 young (110592K), 10 survivors (10240K)
 Metaspace       used 101178K, committed 102016K, reserved 1179648K
  class space    used 14049K, committed 14464K, reserved 1048576K
}
Event: 10.223 GC heap after
{Heap after GC invocations=27 (full 0):
 garbage-first heap   total 227328K, used 90830K [0x0000000080000000, 0x0000000100000000)
  region size 1024K, 13 young (13312K), 13 survivors (13312K)
 Metaspace       used 101178K, committed 102016K, reserved 1179648K
  class space    used 14049K, committed 14464K, reserved 1048576K
}
Event: 10.228 GC heap before
{Heap before GC invocations=27 (full 0):
 garbage-first heap   total 227328K, used 91854K [0x0000000080000000, 0x0000000100000000)
  region size 1024K, 14 young (14336K), 13 survivors (13312K)
 Metaspace       used 101178K, committed 102016K, reserved 1179648K
  class space    used 14049K, committed 14464K, reserved 1048576K
}
Event: 10.233 GC heap after
{Heap after GC invocations=28 (full 0):
 garbage-first heap   total 227328K, used 91207K [0x0000000080000000, 0x0000000100000000)
  region size 1024K, 2 young (2048K), 2 survivors (2048K)
 Metaspace       used 101178K, committed 102016K, reserved 1179648K
  class space    used 14049K, committed 14464K, reserved 1048576K
}
Event: 10.554 GC heap before
{Heap before GC invocations=28 (full 0):
 garbage-first heap   total 227328K, used 182343K [0x0000000080000000, 0x0000000100000000)
  region size 1024K, 92 young (94208K), 2 survivors (2048K)
 Metaspace       used 101735K, committed 102528K, reserved 1179648K
  class space    used 14147K, committed 14528K, reserved 1048576K
}
Event: 10.558 GC heap after
{Heap after GC invocations=29 (full 0):
 garbage-first heap   total 227328K, used 95748K [0x0000000080000000, 0x0000000100000000)
  region size 1024K, 7 young (7168K), 7 survivors (7168K)
 Metaspace       used 101735K, committed 102528K, reserved 1179648K
  class space    used 14147K, committed 14528K, reserved 1048576K
}
Event: 10.806 GC heap before
{Heap before GC invocations=30 (full 0):
 garbage-first heap   total 227328K, used 181764K [0x0000000080000000, 0x0000000100000000)
  region size 1024K, 92 young (94208K), 7 survivors (7168K)
 Metaspace       used 101825K, committed 102592K, reserved 1179648K
  class space    used 14150K, committed 14528K, reserved 1048576K
}
Event: 10.810 GC heap after
{Heap after GC invocations=31 (full 0):
 garbage-first heap   total 227328K, used 98949K [0x0000000080000000, 0x0000000100000000)
  region size 1024K, 9 young (9216K), 9 survivors (9216K)
 Metaspace       used 101825K, committed 102592K, reserved 1179648K
  class space    used 14150K, committed 14528K, reserved 1048576K
}
Event: 10.813 GC heap before
{Heap before GC invocations=31 (full 0):
 garbage-first heap   total 227328K, used 99973K [0x0000000080000000, 0x0000000100000000)
  region size 1024K, 11 young (11264K), 9 survivors (9216K)
 Metaspace       used 101827K, committed 102592K, reserved 1179648K
  class space    used 14150K, committed 14528K, reserved 1048576K
}
Event: 10.817 GC heap after
{Heap after GC invocations=32 (full 0):
 garbage-first heap   total 227328K, used 97670K [0x0000000080000000, 0x0000000100000000)
  region size 1024K, 2 young (2048K), 2 survivors (2048K)
 Metaspace       used 101827K, committed 102592K, reserved 1179648K
  class space    used 14150K, committed 14528K, reserved 1048576K
}
Event: 11.019 GC heap before
{Heap before GC invocations=32 (full 0):
 garbage-first heap   total 227328K, used 183686K [0x0000000080000000, 0x0000000100000000)
  region size 1024K, 87 young (89088K), 2 survivors (2048K)
 Metaspace       used 102073K, committed 102912K, reserved 1179648K
  class space    used 14186K, committed 14592K, reserved 1048576K
}

