# JRE version: OpenJDK Runtime Environment (17.0.9) (build 17.0.9+0--11185874)
# Java VM: OpenJDK 64-Bit Server VM (17.0.9+0--11185874, mixed mode, tiered, compressed oops, compressed class ptrs, g1 gc, windows-amd64)
GC Precious Log:
 CPUs: 12 total, 12 available
 Memory: 14188M
 Large Page Support: Disabled
 NUMA Support: Disabled
 Compressed Oops: Enabled (32-bit)
 Heap Region Size: 1M
 Heap Min Capacity: 8M
 Heap Initial Capacity: 222M
 Heap Max Capacity: 2G
 Pre-touch: Disabled
 Parallel Workers: 10
 Concurrent Workers: 3
 Concurrent Refinement Workers: 10
 Periodic GC: Disabled
Heap:
 garbage-first heap   total 324608K, used 184300K [0x0000000080000000, 0x0000000100000000)
  region size 1024K, 7 young (7168K), 7 survivors (7168K)
 Metaspace       used 110808K, committed 111552K, reserved 1179648K
  class space    used 15078K, committed 15424K, reserved 1048576K
GC Heap History (20 events):
Event: 6.221 GC heap after
{Heap after GC invocations=30 (full 0):
 garbage-first heap   total 138240K, used 69503K [0x0000000080000000, 0x0000000100000000)
  region size 1024K, 1 young (1024K), 1 survivors (1024K)
 Metaspace       used 74859K, committed 75520K, reserved 1114112K
  class space    used 10250K, committed 10560K, reserved 1048576K
}
Event: 6.484 GC heap before
{Heap before GC invocations=30 (full 0):
 garbage-first heap   total 138240K, used 112511K [0x0000000080000000, 0x0000000100000000)
  region size 1024K, 43 young (44032K), 1 survivors (1024K)
 Metaspace       used 77203K, committed 77888K, reserved 1179648K
  class space    used 10560K, committed 10880K, reserved 1048576K
}
Event: 6.487 GC heap after
{Heap after GC invocations=31 (full 0):
 garbage-first heap   total 314368K, used 73131K [0x0000000080000000, 0x0000000100000000)
  region size 1024K, 5 young (5120K), 5 survivors (5120K)
 Metaspace       used 77203K, committed 77888K, reserved 1179648K
  class space    used 10560K, committed 10880K, reserved 1048576K
}
Event: 7.634 GC heap before
{Heap before GC invocations=32 (full 0):
 garbage-first heap   total 260096K, used 215467K [0x0000000080000000, 0x0000000100000000)
  region size 1024K, 143 young (146432K), 5 survivors (5120K)
 Metaspace       used 87210K, committed 88000K, reserved 1179648K
  class space    used 12151K, committed 12544K, reserved 1048576K
}
Event: 7.639 GC heap after
{Heap after GC invocations=33 (full 0):
 garbage-first heap   total 260096K, used 78971K [0x0000000080000000, 0x0000000100000000)
  region size 1024K, 11 young (11264K), 11 survivors (11264K)
 Metaspace       used 87210K, committed 88000K, reserved 1179648K
  class space    used 12151K, committed 12544K, reserved 1048576K
}
Event: 7.649 GC heap before
{Heap before GC invocations=33 (full 0):
 garbage-first heap   total 260096K, used 79995K [0x0000000080000000, 0x0000000100000000)
  region size 1024K, 12 young (12288K), 11 survivors (11264K)
 Metaspace       used 87287K, committed 88064K, reserved 1179648K
  class space    used 12162K, committed 12544K, reserved 1048576K
}
Event: 7.654 GC heap after
{Heap after GC invocations=34 (full 0):
 garbage-first heap   total 260096K, used 78573K [0x0000000080000000, 0x0000000100000000)
  region size 1024K, 2 young (2048K), 2 survivors (2048K)
 Metaspace       used 87287K, committed 88064K, reserved 1179648K
  class space    used 12162K, committed 12544K, reserved 1048576K
}
Event: 8.696 GC heap before
{Heap before GC invocations=34 (full 0):
 garbage-first heap   total 260096K, used 203501K [0x0000000080000000, 0x0000000100000000)
  region size 1024K, 125 young (128000K), 2 survivors (2048K)
 Metaspace       used 95632K, committed 96448K, reserved 1179648K
  class space    used 13382K, committed 13760K, reserved 1048576K
}
Event: 8.702 GC heap after
{Heap after GC invocations=35 (full 0):
 garbage-first heap   total 260096K, used 88063K [0x0000000080000000, 0x0000000100000000)
  region size 1024K, 11 young (11264K), 11 survivors (11264K)
 Metaspace       used 95632K, committed 96448K, reserved 1179648K
  class space    used 13382K, committed 13760K, reserved 1048576K
}
Event: 8.939 GC heap before
{Heap before GC invocations=35 (full 0):
 garbage-first heap   total 260096K, used 203775K [0x0000000080000000, 0x0000000100000000)
  region size 1024K, 125 young (128000K), 11 survivors (11264K)
 Metaspace       used 95821K, committed 96576K, reserved 1179648K
  class space    used 13382K, committed 13760K, reserved 1048576K
}
Event: 8.944 GC heap after
{Heap after GC invocations=36 (full 0):
 garbage-first heap   total 260096K, used 91207K [0x0000000080000000, 0x0000000100000000)
  region size 1024K, 6 young (6144K), 6 survivors (6144K)
 Metaspace       used 95821K, committed 96576K, reserved 1179648K
  class space    used 13382K, committed 13760K, reserved 1048576K
}
Event: 9.283 GC heap before
{Heap before GC invocations=36 (full 0):
 garbage-first heap   total 260096K, used 206919K [0x0000000080000000, 0x0000000100000000)
  region size 1024K, 120 young (122880K), 6 survivors (6144K)
 Metaspace       used 96459K, committed 97280K, reserved 1179648K
  class space    used 13485K, committed 13888K, reserved 1048576K
}
Event: 9.289 GC heap after
{Heap after GC invocations=37 (full 0):
 garbage-first heap   total 260096K, used 95244K [0x0000000080000000, 0x0000000100000000)
  region size 1024K, 10 young (10240K), 10 survivors (10240K)
 Metaspace       used 96459K, committed 97280K, reserved 1179648K
  class space    used 13485K, committed 13888K, reserved 1048576K
}
Event: 9.532 GC heap before
{Heap before GC invocations=37 (full 0):
 garbage-first heap   total 260096K, used 207884K [0x0000000080000000, 0x0000000100000000)
  region size 1024K, 121 young (123904K), 10 survivors (10240K)
 Metaspace       used 96714K, committed 97536K, reserved 1179648K
  class space    used 13520K, committed 13952K, reserved 1048576K
}
Event: 9.538 GC heap after
{Heap after GC invocations=38 (full 0):
 garbage-first heap   total 260096K, used 98805K [0x0000000080000000, 0x0000000100000000)
  region size 1024K, 11 young (11264K), 11 survivors (11264K)
 Metaspace       used 96714K, committed 97536K, reserved 1179648K
  class space    used 13520K, committed 13952K, reserved 1048576K
}
Event: 10.388 GC heap before
{Heap before GC invocations=38 (full 0):
 garbage-first heap   total 260096K, used 219637K [0x0000000080000000, 0x0000000100000000)
  region size 1024K, 121 young (123904K), 11 survivors (11264K)
 Metaspace       used 105510K, committed 106368K, reserved 1179648K
  class space    used 14595K, committed 14976K, reserved 1048576K
}
Event: 10.398 GC heap after
{Heap after GC invocations=39 (full 0):
 garbage-first heap   total 260096K, used 114415K [0x0000000080000000, 0x0000000100000000)
  region size 1024K, 16 young (16384K), 16 survivors (16384K)
 Metaspace       used 105510K, committed 106368K, reserved 1179648K
  class space    used 14595K, committed 14976K, reserved 1048576K
}
Event: 11.284 GC heap before
{Heap before GC invocations=39 (full 0):
 garbage-first heap   total 260096K, used 206575K [0x0000000080000000, 0x0000000100000000)
  region size 1024K, 105 young (107520K), 16 survivors (16384K)
 Metaspace       used 110143K, committed 110912K, reserved 1179648K
  class space    used 15000K, committed 15360K, reserved 1048576K
}
Event: 11.303 GC heap after
{Heap after GC invocations=40 (full 0):
 garbage-first heap   total 270336K, used 160585K [0x0000000080000000, 0x0000000100000000)
  region size 1024K, 14 young (14336K), 14 survivors (14336K)
 Metaspace       used 110143K, committed 110912K, reserved 1179648K
  class space    used 15000K, committed 15360K, reserved 1048576K
}
Event: 11.457 GC heap before
{Heap before GC invocations=40 (full 0):
 garbage-first heap   total 270336K, used 196425K [0x0000000080000000, 0x0000000100000000)
  region size 1024K, 49 young (50176K), 14 survivors (14336K)
 Metaspace       used 110808K, committed 111552K, reserved 1179648K
  class space    used 15078K, committed 15424K, reserved 1048576K
}

