# JRE version: OpenJDK Runtime Environment (17.0.9) (build 17.0.9+0--11185874)
# Java VM: OpenJDK 64-Bit Server VM (17.0.9+0--11185874, mixed mode, tiered, compressed oops, compressed class ptrs, g1 gc, windows-amd64)
GC Precious Log:
 CPUs: 12 total, 12 available
 Memory: 14188M
 Large Page Support: Disabled
 NUMA Support: Disabled
 Compressed Oops: Enabled (32-bit)
 Heap Region Size: 1M
 Heap Min Capacity: 8M
 Heap Initial Capacity: 222M
 Heap Max Capacity: 2G
 Pre-touch: Disabled
 Parallel Workers: 10
 Concurrent Workers: 3
 Concurrent Refinement Workers: 10
 Periodic GC: Disabled
Heap:
 garbage-first heap   total 478208K, used 278527K [0x0000000080000000, 0x0000000100000000)
  region size 1024K, 6 young (6144K), 6 survivors (6144K)
 Metaspace       used 125736K, committed 126720K, reserved 1179648K
  class space    used 16871K, committed 17344K, reserved 1048576K
GC Heap History (20 events):
Event: 11.673 GC heap after
{Heap after GC invocations=40 (full 0):
 garbage-first heap   total 461824K, used 133429K [0x0000000080000000, 0x0000000100000000)
  region size 1024K, 16 young (16384K), 16 survivors (16384K)
 Metaspace       used 100898K, committed 101696K, reserved 1179648K
  class space    used 13961K, committed 14336K, reserved 1048576K
}
Event: 30.635 GC heap before
{Heap before GC invocations=40 (full 0):
 garbage-first heap   total 461824K, used 322869K [0x0000000080000000, 0x0000000100000000)
  region size 1024K, 183 young (187392K), 16 survivors (16384K)
 Metaspace       used 103803K, committed 104640K, reserved 1179648K
  class space    used 14296K, committed 14720K, reserved 1048576K
}
Event: 30.647 GC heap after
{Heap after GC invocations=41 (full 0):
 garbage-first heap   total 461824K, used 120329K [0x0000000080000000, 0x0000000100000000)
  region size 1024K, 27 young (27648K), 27 survivors (27648K)
 Metaspace       used 103803K, committed 104640K, reserved 1179648K
  class space    used 14296K, committed 14720K, reserved 1048576K
}
Event: 448.848 GC heap before
{Heap before GC invocations=42 (full 0):
 garbage-first heap   total 419840K, used 386569K [0x0000000080000000, 0x0000000100000000)
  region size 1024K, 168 young (172032K), 27 survivors (27648K)
 Metaspace       used 104475K, committed 105344K, reserved 1179648K
  class space    used 14336K, committed 14784K, reserved 1048576K
}
Event: 448.876 GC heap after
{Heap after GC invocations=43 (full 0):
 garbage-first heap   total 419840K, used 120584K [0x0000000080000000, 0x0000000100000000)
  region size 1024K, 13 young (13312K), 13 survivors (13312K)
 Metaspace       used 104475K, committed 105344K, reserved 1179648K
  class space    used 14336K, committed 14784K, reserved 1048576K
}
Event: 448.947 GC heap before
{Heap before GC invocations=43 (full 0):
 garbage-first heap   total 419840K, used 126728K [0x0000000080000000, 0x0000000100000000)
  region size 1024K, 20 young (20480K), 13 survivors (13312K)
 Metaspace       used 104502K, committed 105408K, reserved 1179648K
  class space    used 14338K, committed 14784K, reserved 1048576K
}
Event: 448.959 GC heap after
{Heap after GC invocations=44 (full 0):
 garbage-first heap   total 419840K, used 119122K [0x0000000080000000, 0x0000000100000000)
  region size 1024K, 3 young (3072K), 3 survivors (3072K)
 Metaspace       used 104502K, committed 105408K, reserved 1179648K
  class space    used 14338K, committed 14784K, reserved 1048576K
}
Event: 449.479 GC heap before
{Heap before GC invocations=44 (full 0):
 garbage-first heap   total 419840K, used 177490K [0x0000000080000000, 0x0000000100000000)
  region size 1024K, 62 young (63488K), 3 survivors (3072K)
 Metaspace       used 106626K, committed 107648K, reserved 1179648K
  class space    used 14643K, committed 15168K, reserved 1048576K
}
Event: 449.488 GC heap after
{Heap after GC invocations=45 (full 0):
 garbage-first heap   total 419840K, used 127073K [0x0000000080000000, 0x0000000100000000)
  region size 1024K, 11 young (11264K), 11 survivors (11264K)
 Metaspace       used 106626K, committed 107648K, reserved 1179648K
  class space    used 14643K, committed 15168K, reserved 1048576K
}
Event: 451.467 GC heap before
{Heap before GC invocations=46 (full 0):
 garbage-first heap   total 419840K, used 348257K [0x0000000080000000, 0x0000000100000000)
  region size 1024K, 221 young (226304K), 11 survivors (11264K)
 Metaspace       used 122403K, committed 123328K, reserved 1179648K
  class space    used 16522K, committed 16960K, reserved 1048576K
}
Event: 451.514 GC heap after
{Heap after GC invocations=47 (full 0):
 garbage-first heap   total 436224K, used 204218K [0x0000000080000000, 0x0000000100000000)
  region size 1024K, 28 young (28672K), 28 survivors (28672K)
 Metaspace       used 122403K, committed 123328K, reserved 1179648K
  class space    used 16522K, committed 16960K, reserved 1048576K
}
Event: 451.524 GC heap before
{Heap before GC invocations=47 (full 0):
 garbage-first heap   total 436224K, used 205242K [0x0000000080000000, 0x0000000100000000)
  region size 1024K, 29 young (29696K), 28 survivors (28672K)
 Metaspace       used 122414K, committed 123328K, reserved 1179648K
  class space    used 16522K, committed 16960K, reserved 1048576K
}
Event: 451.536 GC heap after
{Heap after GC invocations=48 (full 0):
 garbage-first heap   total 436224K, used 205674K [0x0000000080000000, 0x0000000100000000)
  region size 1024K, 3 young (3072K), 3 survivors (3072K)
 Metaspace       used 122414K, committed 123328K, reserved 1179648K
  class space    used 16522K, committed 16960K, reserved 1048576K
}
Event: 452.055 GC heap before
{Heap before GC invocations=48 (full 0):
 garbage-first heap   total 436224K, used 314218K [0x0000000080000000, 0x0000000100000000)
  region size 1024K, 109 young (111616K), 3 survivors (3072K)
 Metaspace       used 123849K, committed 124736K, reserved 1179648K
  class space    used 16643K, committed 17088K, reserved 1048576K
}
Event: 452.077 GC heap after
{Heap after GC invocations=49 (full 0):
 garbage-first heap   total 436224K, used 267263K [0x0000000080000000, 0x0000000100000000)
  region size 1024K, 14 young (14336K), 14 survivors (14336K)
 Metaspace       used 123849K, committed 124736K, reserved 1179648K
  class space    used 16643K, committed 17088K, reserved 1048576K
}
Event: 452.240 GC heap before
{Heap before GC invocations=50 (full 0):
 garbage-first heap   total 436224K, used 276479K [0x0000000080000000, 0x0000000100000000)
  region size 1024K, 71 young (72704K), 14 survivors (14336K)
 Metaspace       used 123915K, committed 124800K, reserved 1179648K
  class space    used 16643K, committed 17088K, reserved 1048576K
}
Event: 452.260 GC heap after
{Heap after GC invocations=51 (full 0):
 garbage-first heap   total 436224K, used 264191K [0x0000000080000000, 0x0000000100000000)
  region size 1024K, 9 young (9216K), 9 survivors (9216K)
 Metaspace       used 123915K, committed 124800K, reserved 1179648K
  class space    used 16643K, committed 17088K, reserved 1048576K
}
Event: 452.275 GC heap before
{Heap before GC invocations=51 (full 0):
 garbage-first heap   total 436224K, used 276479K [0x0000000080000000, 0x0000000100000000)
  region size 1024K, 21 young (21504K), 9 survivors (9216K)
 Metaspace       used 123915K, committed 124800K, reserved 1179648K
  class space    used 16643K, committed 17088K, reserved 1048576K
}
Event: 452.285 GC heap after
{Heap after GC invocations=52 (full 0):
 garbage-first heap   total 436224K, used 270335K [0x0000000080000000, 0x0000000100000000)
  region size 1024K, 3 young (3072K), 3 survivors (3072K)
 Metaspace       used 123915K, committed 124800K, reserved 1179648K
  class space    used 16643K, committed 17088K, reserved 1048576K
}
Event: 452.632 GC heap before
{Heap before GC invocations=52 (full 0):
 garbage-first heap   total 436224K, used 315391K [0x0000000080000000, 0x0000000100000000)
  region size 1024K, 47 young (48128K), 3 survivors (3072K)
 Metaspace       used 125736K, committed 126720K, reserved 1179648K
  class space    used 16871K, committed 17344K, reserved 1048576K
}

